!SESSION 2023-06-21 10:12:46.885 -----------------------------------------------
eclipse.buildId=4.18.1.202305021758
java.version=17.0.7
java.vendor=Eclipse Adoptium
BootLoader constants: OS=win32, ARCH=x86_64, WS=win32, NL=en_US
Framework arguments:  -product org.springframework.boot.ide.branding.sts4
Command-line arguments:  -os win32 -ws win32 -arch x86_64 -product org.springframework.boot.ide.branding.sts4

!ENTRY ch.qos.logback.classic 1 0 2023-06-21 10:12:47.856
!MESSAGE Activated before the state location was initialized. Retry after the state location is initialized.

!ENTRY ch.qos.logback.classic 1 0 2023-06-21 10:13:03.718
!MESSAGE Logback config file: C:\Users\lkothapalli\Desktop\Assessment1\.metadata\.plugins\org.eclipse.m2e.logback\logback.2.1.100.20230106-1511.xml

!ENTRY org.eclipse.jface 2 0 2023-06-21 10:13:14.294
!MESSAGE Keybinding conflicts occurred.  They may interfere with normal accelerator operation.
!SUBENTRY 1 org.eclipse.jface 2 0 2023-06-21 10:13:14.294
!MESSAGE A conflict occurred for CTRL+SHIFT+T:
Binding(CTRL+SHIFT+T,
	ParameterizedCommand(Command(org.eclipse.jdt.ui.navigate.open.type,Open Type,
		Open a type in a Java editor,
		Category(org.eclipse.ui.category.navigate,Navigate,null,true),
		WorkbenchHandlerServiceHandler("org.eclipse.jdt.ui.navigate.open.type"),
		,,true),null),
	org.eclipse.ui.defaultAcceleratorConfiguration,
	org.eclipse.ui.contexts.window,,,system)
Binding(CTRL+SHIFT+T,
	ParameterizedCommand(Command(org.eclipse.lsp4e.symbolinworkspace,Go to Symbol in Workspace,
		,
		Category(org.eclipse.lsp4e.category,Language Servers,null,true),
		WorkbenchHandlerServiceHandler("org.eclipse.lsp4e.symbolinworkspace"),
		,,true),null),
	org.eclipse.ui.defaultAcceleratorConfiguration,
	org.eclipse.ui.contexts.window,,,system)

!ENTRY org.eclipse.egit.ui 2 0 2023-06-21 10:13:20.844
!MESSAGE Warning: The environment variable HOME is not set. The following directory will be used to store the Git
user global configuration and to define the default location to store repositories: 'C:\Users\lkothapalli'. If this is
not correct please set the HOME environment variable and restart Eclipse. Otherwise Git for Windows and
EGit might behave differently since they see different configuration options.
This warning can be switched off on the Team > Git > Confirmations and Warnings preference page.

!ENTRY org.springframework.tooling.boot.ls 1 0 2023-06-21 10:14:16.186
!MESSAGE Classpath changed for project: User

!ENTRY org.springframework.tooling.boot.ls 1 0 2023-06-21 10:14:22.914
!MESSAGE Classpath changed for project: User

!ENTRY org.springframework.tooling.boot.ls 1 0 2023-06-21 10:14:22.917
!MESSAGE Boot project ADDED: User

!ENTRY org.springframework.tooling.boot.ls 1 0 2023-06-21 10:14:22.918
!MESSAGE Starting Boot LS...

!ENTRY org.springframework.tooling.boot.ls 1 0 2023-06-21 10:14:22.945
!MESSAGE Started Boot LS process

!ENTRY org.springframework.tooling.boot.ls 1 0 2023-06-21 10:14:22.990
!MESSAGE DelegatingStreamConnectionProvider - Starting Boot LS

!ENTRY org.springframework.tooling.ls.eclipse.commons 1 0 2023-06-21 10:14:23.014
!MESSAGE Started org.springframework.tooling.boot.ls LS process 5416

!ENTRY org.springframework.tooling.boot.ls 1 0 2023-06-21 10:14:24.664
!MESSAGE Classpath changed for project: User

!ENTRY org.springframework.tooling.boot.ls 1 0 2023-06-21 10:14:26.622
!MESSAGE Classpath changed for project: User

!ENTRY org.springframework.tooling.boot.ls 1 0 2023-06-21 10:14:27.206
!MESSAGE Classpath changed for project: User

!ENTRY org.springframework.tooling.boot.ls 1 0 2023-06-21 10:14:58.176
!MESSAGE Classpath changed for project: User

!ENTRY org.springframework.tooling.boot.ls 1 0 2023-06-21 10:14:58.177
!MESSAGE Boot project REMOVED: User

!ENTRY org.springframework.tooling.boot.ls 1 0 2023-06-21 10:15:44.629
!MESSAGE Classpath changed for project: User-Note

!ENTRY org.springframework.tooling.boot.ls 1 0 2023-06-21 10:15:44.630
!MESSAGE Boot project ADDED: User-Note

!ENTRY org.springframework.tooling.boot.ls 1 0 2023-06-21 10:15:45.908
!MESSAGE Classpath changed for project: User-Note

!ENTRY org.eclipse.jface 2 0 2023-06-21 10:30:10.085
!MESSAGE Keybinding conflicts occurred.  They may interfere with normal accelerator operation.
!SUBENTRY 1 org.eclipse.jface 2 0 2023-06-21 10:30:10.085
!MESSAGE A conflict occurred for CTRL+SHIFT+C:
Binding(CTRL+SHIFT+C,
	ParameterizedCommand(Command(org.eclipse.tm4e.languageconfiguration.toggleLineCommentCommand,Toggle Line Comment,
		,
		Category(org.eclipse.tm4e.languageconfiguration.category,TM4E Language Configuration,null,true),
		WorkbenchHandlerServiceHandler("org.eclipse.tm4e.languageconfiguration.toggleLineCommentCommand"),
		,,true),null),
	org.eclipse.ui.defaultAcceleratorConfiguration,
	org.eclipse.ui.textEditorScope,,,system)
Binding(CTRL+SHIFT+C,
	ParameterizedCommand(Command(org.springframework.tooling.boot.ls.ToggleComment,Toggle Comment,
		,
		Category(org.springframework.ide.eclipse.commands,Spring Generic Text Editor,Spring Language Server Commands,true),
		WorkbenchHandlerServiceHandler("org.springframework.tooling.boot.ls.ToggleComment"),
		,,true),null),
	org.eclipse.ui.defaultAcceleratorConfiguration,
	org.eclipse.ui.textEditorScope,,,system)

!ENTRY org.eclipse.lsp4e 4 0 2023-06-21 10:30:50.802
!MESSAGE No file system is defined for scheme: about
!STACK 1
org.eclipse.core.runtime.CoreException: No file system is defined for scheme: about
	at org.eclipse.core.internal.filesystem.Policy.error(Policy.java:48)
	at org.eclipse.core.internal.filesystem.Policy.error(Policy.java:43)
	at org.eclipse.core.internal.filesystem.InternalFileSystemCore.getFileSystem(InternalFileSystemCore.java:68)
	at org.eclipse.core.filesystem.EFS.getFileSystem(EFS.java:439)
	at org.eclipse.lsp4e.LSPEclipseUtils.openEditor(LSPEclipseUtils.java:759)
	at org.eclipse.lsp4e.LSPEclipseUtils.openFileLocationInEditor(LSPEclipseUtils.java:711)
	at org.eclipse.lsp4e.LSPEclipseUtils.open(LSPEclipseUtils.java:627)
	at org.eclipse.lsp4e.LSPEclipseUtils.open(LSPEclipseUtils.java:613)
	at org.eclipse.lsp4e.LSPEclipseUtils.open(LSPEclipseUtils.java:609)
	at org.eclipse.lsp4e.operations.hover.FocusableBrowserInformationControl$1.changing(FocusableBrowserInformationControl.java:52)
	at org.eclipse.swt.browser.IE.lambda$6(IE.java:525)
	at org.eclipse.swt.ole.win32.OleEventTable.sendEvent(OleEventTable.java:58)
	at org.eclipse.swt.ole.win32.OleEventSink.notifyListener(OleEventSink.java:160)
	at org.eclipse.swt.ole.win32.OleEventSink.Invoke(OleEventSink.java:128)
	at org.eclipse.swt.ole.win32.OleEventSink$1.method6(OleEventSink.java:79)
	at org.eclipse.swt.internal.ole.win32.COMObject.callback6(COMObject.java:120)
	at org.eclipse.swt.internal.win32.OS.DispatchMessage(Native Method)
	at org.eclipse.swt.widgets.Display.readAndDispatch(Display.java:3640)
	at org.eclipse.e4.ui.internal.workbench.swt.PartRenderingEngine$5.run(PartRenderingEngine.java:1155)
	at org.eclipse.core.databinding.observable.Realm.runWithDefault(Realm.java:338)
	at org.eclipse.e4.ui.internal.workbench.swt.PartRenderingEngine.run(PartRenderingEngine.java:1046)
	at org.eclipse.e4.ui.internal.workbench.E4Workbench.createAndRunUI(E4Workbench.java:155)
	at org.eclipse.ui.internal.Workbench.lambda$3(Workbench.java:643)
	at org.eclipse.core.databinding.observable.Realm.runWithDefault(Realm.java:338)
	at org.eclipse.ui.internal.Workbench.createAndRunWorkbench(Workbench.java:550)
	at org.eclipse.ui.PlatformUI.createAndRunWorkbench(PlatformUI.java:171)
	at org.eclipse.ui.internal.ide.application.IDEApplication.start(IDEApplication.java:152)
	at org.eclipse.equinox.internal.app.EclipseAppHandle.run(EclipseAppHandle.java:203)
	at org.eclipse.core.runtime.internal.adaptor.EclipseAppLauncher.runApplication(EclipseAppLauncher.java:136)
	at org.eclipse.core.runtime.internal.adaptor.EclipseAppLauncher.start(EclipseAppLauncher.java:104)
	at org.eclipse.core.runtime.adaptor.EclipseStarter.run(EclipseStarter.java:402)
	at org.eclipse.core.runtime.adaptor.EclipseStarter.run(EclipseStarter.java:255)
	at java.base/jdk.internal.reflect.NativeMethodAccessorImpl.invoke0(Native Method)
	at java.base/jdk.internal.reflect.NativeMethodAccessorImpl.invoke(NativeMethodAccessorImpl.java:77)
	at java.base/jdk.internal.reflect.DelegatingMethodAccessorImpl.invoke(DelegatingMethodAccessorImpl.java:43)
	at java.base/java.lang.reflect.Method.invoke(Method.java:568)
	at org.eclipse.equinox.launcher.Main.invokeFramework(Main.java:659)
	at org.eclipse.equinox.launcher.Main.basicRun(Main.java:596)
	at org.eclipse.equinox.launcher.Main.run(Main.java:1467)
!SUBENTRY 1 org.eclipse.core.filesystem 4 566 2023-06-21 10:30:50.803
!MESSAGE No file system is defined for scheme: about

!ENTRY org.eclipse.lsp4e 4 0 2023-06-21 10:30:52.368
!MESSAGE No file system is defined for scheme: about
!STACK 1
org.eclipse.core.runtime.CoreException: No file system is defined for scheme: about
	at org.eclipse.core.internal.filesystem.Policy.error(Policy.java:48)
	at org.eclipse.core.internal.filesystem.Policy.error(Policy.java:43)
	at org.eclipse.core.internal.filesystem.InternalFileSystemCore.getFileSystem(InternalFileSystemCore.java:68)
	at org.eclipse.core.filesystem.EFS.getFileSystem(EFS.java:439)
	at org.eclipse.lsp4e.LSPEclipseUtils.openEditor(LSPEclipseUtils.java:759)
	at org.eclipse.lsp4e.LSPEclipseUtils.openFileLocationInEditor(LSPEclipseUtils.java:711)
	at org.eclipse.lsp4e.LSPEclipseUtils.open(LSPEclipseUtils.java:627)
	at org.eclipse.lsp4e.LSPEclipseUtils.open(LSPEclipseUtils.java:613)
	at org.eclipse.lsp4e.LSPEclipseUtils.open(LSPEclipseUtils.java:609)
	at org.eclipse.lsp4e.operations.hover.FocusableBrowserInformationControl$1.changing(FocusableBrowserInformationControl.java:52)
	at org.eclipse.swt.browser.IE.lambda$6(IE.java:525)
	at org.eclipse.swt.ole.win32.OleEventTable.sendEvent(OleEventTable.java:58)
	at org.eclipse.swt.ole.win32.OleEventSink.notifyListener(OleEventSink.java:160)
	at org.eclipse.swt.ole.win32.OleEventSink.Invoke(OleEventSink.java:128)
	at org.eclipse.swt.ole.win32.OleEventSink$1.method6(OleEventSink.java:79)
	at org.eclipse.swt.internal.ole.win32.COMObject.callback6(COMObject.java:120)
	at org.eclipse.swt.internal.win32.OS.DispatchMessage(Native Method)
	at org.eclipse.swt.widgets.Display.readAndDispatch(Display.java:3640)
	at org.eclipse.e4.ui.internal.workbench.swt.PartRenderingEngine$5.run(PartRenderingEngine.java:1155)
	at org.eclipse.core.databinding.observable.Realm.runWithDefault(Realm.java:338)
	at org.eclipse.e4.ui.internal.workbench.swt.PartRenderingEngine.run(PartRenderingEngine.java:1046)
	at org.eclipse.e4.ui.internal.workbench.E4Workbench.createAndRunUI(E4Workbench.java:155)
	at org.eclipse.ui.internal.Workbench.lambda$3(Workbench.java:643)
	at org.eclipse.core.databinding.observable.Realm.runWithDefault(Realm.java:338)
	at org.eclipse.ui.internal.Workbench.createAndRunWorkbench(Workbench.java:550)
	at org.eclipse.ui.PlatformUI.createAndRunWorkbench(PlatformUI.java:171)
	at org.eclipse.ui.internal.ide.application.IDEApplication.start(IDEApplication.java:152)
	at org.eclipse.equinox.internal.app.EclipseAppHandle.run(EclipseAppHandle.java:203)
	at org.eclipse.core.runtime.internal.adaptor.EclipseAppLauncher.runApplication(EclipseAppLauncher.java:136)
	at org.eclipse.core.runtime.internal.adaptor.EclipseAppLauncher.start(EclipseAppLauncher.java:104)
	at org.eclipse.core.runtime.adaptor.EclipseStarter.run(EclipseStarter.java:402)
	at org.eclipse.core.runtime.adaptor.EclipseStarter.run(EclipseStarter.java:255)
	at java.base/jdk.internal.reflect.NativeMethodAccessorImpl.invoke0(Native Method)
	at java.base/jdk.internal.reflect.NativeMethodAccessorImpl.invoke(NativeMethodAccessorImpl.java:77)
	at java.base/jdk.internal.reflect.DelegatingMethodAccessorImpl.invoke(DelegatingMethodAccessorImpl.java:43)
	at java.base/java.lang.reflect.Method.invoke(Method.java:568)
	at org.eclipse.equinox.launcher.Main.invokeFramework(Main.java:659)
	at org.eclipse.equinox.launcher.Main.basicRun(Main.java:596)
	at org.eclipse.equinox.launcher.Main.run(Main.java:1467)
!SUBENTRY 1 org.eclipse.core.filesystem 4 566 2023-06-21 10:30:52.369
!MESSAGE No file system is defined for scheme: about
